<?xml version="1.0" encoding="UTF-8"?>
<!-- Generated by org.testng.reporters.JUnitReportReporter -->
<testsuite hostname="atc-2614" name="tests.Test1" tests="3" failures="0" timestamp="20 Jun 2016 08:27:01 GMT" time="7.193" errors="0">
  <testcase name="test2" time="1.440" classname="tests.Test1"/>
  <testcase name="test3" time="1.438" classname="tests.Test1"/>
  <testcase name="test1" time="4.315" classname="tests.Test1"/>
</testsuite> <!-- tests.Test1 -->
